<?xml version="1.0" encoding="UTF-8"?>
<!-- Generated by org.testng.reporters.JUnitXMLReporter -->
<testsuite ignored="0" hostname="LAPTOP-UFQMT07D" failures="5" tests="5" name="firefoxtest" time="81.942" errors="0" timestamp="2025-10-26T14:03:40 IST">
  <testcase classname="testCases.LoginDDT" name="verify_loginDDT" time="15.318">
    <failure type="java.lang.AssertionError" message="null">
      <![CDATA[java.lang.AssertionError: null
at testCases.LoginDDT.verify_loginDDT(LoginDDT.java:77)
at java.base/java.util.ArrayList.forEach(ArrayList.java:1597)
at java.base/java.util.concurrent.FutureTask.run(FutureTask.java:317)
at java.base/java.util.concurrent.ThreadPoolExecutor.runWorker(ThreadPoolExecutor.java:1144)
at java.base/java.util.concurrent.ThreadPoolExecutor$Worker.run(ThreadPoolExecutor.java:642)
at java.base/java.lang.Thread.run(Thread.java:1575)
... Removed 17 stack frames]]>
    </failure>
  </testcase> <!-- verify_loginDDT -->
  <testcase classname="testCases.LoginDDT" name="verify_loginDDT" time="10.643">
    <failure type="java.lang.AssertionError" message="null">
      <![CDATA[java.lang.AssertionError: null
at testCases.LoginDDT.verify_loginDDT(LoginDDT.java:77)
at java.base/java.util.ArrayList.forEach(ArrayList.java:1597)
at java.base/java.util.concurrent.FutureTask.run(FutureTask.java:317)
at java.base/java.util.concurrent.ThreadPoolExecutor.runWorker(ThreadPoolExecutor.java:1144)
at java.base/java.util.concurrent.ThreadPoolExecutor$Worker.run(ThreadPoolExecutor.java:642)
at java.base/java.lang.Thread.run(Thread.java:1575)
... Removed 17 stack frames]]>
    </failure>
  </testcase> <!-- verify_loginDDT -->
  <testcase classname="testCases.LoginDDT" name="verify_loginDDT" time="11.05">
    <failure type="java.lang.AssertionError" message="null">
      <![CDATA[java.lang.AssertionError: null
at testCases.LoginDDT.verify_loginDDT(LoginDDT.java:77)
at java.base/java.util.ArrayList.forEach(ArrayList.java:1597)
at java.base/java.util.concurrent.FutureTask.run(FutureTask.java:317)
at java.base/java.util.concurrent.ThreadPoolExecutor.runWorker(ThreadPoolExecutor.java:1144)
at java.base/java.util.concurrent.ThreadPoolExecutor$Worker.run(ThreadPoolExecutor.java:642)
at java.base/java.lang.Thread.run(Thread.java:1575)
... Removed 17 stack frames]]>
    </failure>
  </testcase> <!-- verify_loginDDT -->
  <testcase classname="testCases.LoginDDT" name="verify_loginDDT" time="0.507">
    <failure type="java.lang.AssertionError" message="null">
      <![CDATA[java.lang.AssertionError: null
at testCases.LoginDDT.verify_loginDDT(LoginDDT.java:77)
at java.base/java.util.ArrayList.forEach(ArrayList.java:1597)
at java.base/java.util.concurrent.FutureTask.run(FutureTask.java:317)
at java.base/java.util.concurrent.ThreadPoolExecutor.runWorker(ThreadPoolExecutor.java:1144)
at java.base/java.util.concurrent.ThreadPoolExecutor$Worker.run(ThreadPoolExecutor.java:642)
at java.base/java.lang.Thread.run(Thread.java:1575)
... Removed 17 stack frames]]>
    </failure>
  </testcase> <!-- verify_loginDDT -->
  <testcase classname="testCases.LoginDDT" name="verify_loginDDT" time="20.435">
    <failure type="java.lang.AssertionError" message="null">
      <![CDATA[java.lang.AssertionError: null
at testCases.LoginDDT.verify_loginDDT(LoginDDT.java:77)
at java.base/java.util.ArrayList.forEach(ArrayList.java:1597)
at java.base/java.util.concurrent.FutureTask.run(FutureTask.java:317)
at java.base/java.util.concurrent.ThreadPoolExecutor.runWorker(ThreadPoolExecutor.java:1144)
at java.base/java.util.concurrent.ThreadPoolExecutor$Worker.run(ThreadPoolExecutor.java:642)
at java.base/java.lang.Thread.run(Thread.java:1575)
... Removed 17 stack frames]]>
    </failure>
  </testcase> <!-- verify_loginDDT -->
</testsuite> <!-- firefoxtest -->
