<?xml version="1.0" encoding="UTF-8"?>
<testng-results ignored="0" total="2" passed="2" failed="0" skipped="0">
  <reporter-output>
  </reporter-output>
  <suite started-at="2025-10-27T13:24:36 IST" name="Master Suite" finished-at="2025-10-27T13:24:45 IST" duration-ms="8680">
    <groups>
      <group name="Master">
        <method signature="AccountRegistrationTest.Register()[pri:0, instance:testCases.AccountRegistrationTest@2d6764b2]" name="Register" class="testCases.AccountRegistrationTest"/>
        <method signature="LoginTest.verify_Login()[pri:0, instance:testCases.LoginTest@6fe1b4fb]" name="verify_Login" class="testCases.LoginTest"/>
      </group> <!-- Master -->
      <group name="Sanity">
        <method signature="LoginTest.verify_Login()[pri:0, instance:testCases.LoginTest@6fe1b4fb]" name="verify_Login" class="testCases.LoginTest"/>
      </group> <!-- Sanity -->
      <group name="Regression">
        <method signature="AccountRegistrationTest.Register()[pri:0, instance:testCases.AccountRegistrationTest@2d6764b2]" name="Register" class="testCases.AccountRegistrationTest"/>
      </group> <!-- Regression -->
    </groups>
    <test started-at="2025-10-27T13:24:36 IST" name="Test" finished-at="2025-10-27T13:24:45 IST" duration-ms="8680">
      <class name="testCases.LoginTest">
        <test-method is-config="true" signature="setUp(java.lang.String,java.lang.String)[pri:0, instance:testCases.LoginTest@6fe1b4fb]" started-at="2025-10-27T13:24:41 IST" name="setUp" finished-at="2025-10-27T13:24:43 IST" duration-ms="1599" status="PASS">
          <params>
            <param index="0">
              <value>
                <![CDATA[Windows]]>
              </value>
            </param>
            <param index="1">
              <value>
                <![CDATA[chrome]]>
              </value>
            </param>
          </params>
          <reporter-output>
          </reporter-output>
        </test-method> <!-- setUp -->
        <test-method signature="verify_Login()[pri:0, instance:testCases.LoginTest@6fe1b4fb]" started-at="2025-10-27T13:24:43 IST" name="verify_Login" finished-at="2025-10-27T13:24:45 IST" duration-ms="1826" status="PASS">
          <reporter-output>
          </reporter-output>
        </test-method> <!-- verify_Login -->
        <test-method is-config="true" signature="tearDown()[pri:0, instance:testCases.LoginTest@6fe1b4fb]" started-at="2025-10-27T13:24:45 IST" name="tearDown" finished-at="2025-10-27T13:24:45 IST" duration-ms="125" status="PASS">
          <reporter-output>
          </reporter-output>
        </test-method> <!-- tearDown -->
      </class> <!-- testCases.LoginTest -->
      <class name="testCases.AccountRegistrationTest">
        <test-method is-config="true" signature="setUp(java.lang.String,java.lang.String)[pri:0, instance:testCases.AccountRegistrationTest@2d6764b2]" started-at="2025-10-27T13:24:36 IST" name="setUp" finished-at="2025-10-27T13:24:39 IST" duration-ms="2886" status="PASS">
          <params>
            <param index="0">
              <value>
                <![CDATA[Windows]]>
              </value>
            </param>
            <param index="1">
              <value>
                <![CDATA[chrome]]>
              </value>
            </param>
          </params>
          <reporter-output>
          </reporter-output>
        </test-method> <!-- setUp -->
        <test-method signature="Register()[pri:0, instance:testCases.AccountRegistrationTest@2d6764b2]" started-at="2025-10-27T13:24:39 IST" name="Register" finished-at="2025-10-27T13:24:41 IST" duration-ms="1823" status="PASS">
          <reporter-output>
          </reporter-output>
        </test-method> <!-- Register -->
        <test-method is-config="true" signature="tearDown()[pri:0, instance:testCases.AccountRegistrationTest@2d6764b2]" started-at="2025-10-27T13:24:41 IST" name="tearDown" finished-at="2025-10-27T13:24:41 IST" duration-ms="154" status="PASS">
          <reporter-output>
          </reporter-output>
        </test-method> <!-- tearDown -->
      </class> <!-- testCases.AccountRegistrationTest -->
    </test> <!-- Test -->
  </suite> <!-- Master Suite -->
</testng-results>
